#
# There is insufficient memory for the Java Runtime Environment to continue.
# Native memory allocation (mmap) failed to map 268435456 bytes for G1 virtual space
# Possible reasons:
#   The system is out of physical RAM or swap space
#   The process is running with CompressedOops enabled, and the Java Heap may be blocking the growth of the native heap
# Possible solutions:
#   Reduce memory load on the system
#   Increase physical memory or swap space
#   Check if swap backing store is full
#   Decrease Java heap size (-Xmx/-Xms)
#   Decrease number of Java threads
#   Decrease Java thread stack sizes (-Xss)
#   Set larger code cache with -XX:ReservedCodeCacheSize=
#   JVM is running with Zero Based Compressed Oops mode in which the Java heap is
#     placed in the first 32GB address space. The Java Heap base address is the
#     maximum limit for the native heap growth. Please use -XX:HeapBaseMinAddress
#     to set the Java Heap base and to place the Java Heap above 32GB virtual address.
# This output file may be truncated or incomplete.
#
#  Out of Memory Error (os_windows.cpp:3466), pid=16396, tid=22212
#
# JRE version:  (16.0.1+9) (build )
# Java VM: OpenJDK 64-Bit Server VM (16.0.1+9-24, mixed mode, sharing, tiered, compressed oops, compressed class ptrs, g1 gc, windows-amd64)
# No core dump will be written. Minidumps are not enabled by default on client versions of Windows
#

---------------  S U M M A R Y ------------

Command Line: -Dcom.sun.management.jmxremote -Dcom.sun.management.jmxremote.port=5872 -Dcom.sun.management.jmxremote.authenticate=false -Dcom.sun.management.jmxremote.ssl=false -Djava.rmi.server.hostname=localhost -Dspring.jmx.enabled=true -Dspring.application.admin.enabled=true -XX:TieredStopAtLevel=1 -Dspring.boot.project.name=beancafe_client_m -Dfile.encoding=UTF-8 -XX:+ShowCodeDetailsInExceptionMessages com.sboot.beancafe.BeancafeProviderApplication

Host: Intel(R) Core(TM) i5-9400F CPU @ 2.90GHz, 6 cores, 15G,  Windows 10 , 64 bit Build 19041 (10.0.19041.1023)
Time: Mon Jul 26 23:44:49 2021  Windows 10 , 64 bit Build 19041 (10.0.19041.1023) elapsed time: 0.023082 seconds (0d 0h 0m 0s)

---------------  T H R E A D  ---------------

Current thread (0x000001d7e363d9e0):  JavaThread "Unknown thread" [_thread_in_vm, id=22212, stack(0x0000000eb0800000,0x0000000eb0900000)]

Stack: [0x0000000eb0800000,0x0000000eb0900000]
Native frames: (J=compiled Java code, j=interpreted, Vv=VM code, C=native code)
V  [jvm.dll+0x6687ca]
V  [jvm.dll+0x7ca3c9]
V  [jvm.dll+0x7cbb53]
V  [jvm.dll+0x7cc1b3]
V  [jvm.dll+0x242ea5]
V  [jvm.dll+0x665589]
V  [jvm.dll+0x65a175]
V  [jvm.dll+0x2fc5ab]
V  [jvm.dll+0x3037a6]
V  [jvm.dll+0x352fee]
V  [jvm.dll+0x35321f]
V  [jvm.dll+0x2d3618]
V  [jvm.dll+0x2d4854]
V  [jvm.dll+0x79ccb1]
V  [jvm.dll+0x360de1]
V  [jvm.dll+0x77a990]
V  [jvm.dll+0x3e55af]
V  [jvm.dll+0x3e7081]
C  [jli.dll+0x52fb]
C  [ucrtbase.dll+0x21bb2]
C  [KERNEL32.DLL+0x17034]
C  [ntdll.dll+0x52651]


---------------  P R O C E S S  ---------------

Threads class SMR info:
_java_thread_list=0x00007ff93db2cbb8, length=0, elements={
}

Java Threads: ( => current thread )

Other Threads:
  0x000001d7e368c900 GCTaskThread "GC Thread#0" [stack: 0x0000000eb0900000,0x0000000eb0a00000] [id=19768]
  0x000001d7e369dff0 ConcurrentGCThread "G1 Main Marker" [stack: 0x0000000eb0a00000,0x0000000eb0b00000] [id=19328]
  0x000001d7e369e9f0 ConcurrentGCThread "G1 Conc#0" [stack: 0x0000000eb0b00000,0x0000000eb0c00000] [id=1608]

[error occurred during error reporting (printing all threads), id 0xc0000005, EXCEPTION_ACCESS_VIOLATION (0xc0000005) at pc=0x00007ff93d3044d7]

VM state: not at safepoint (not fully initialized)

VM Mutex/Monitor currently owned by a thread:  ([mutex/lock_event])
[0x000001d7e363b5a0] Heap_lock - owner thread: 0x000001d7e363d9e0

Heap address: 0x0000000701000000, size: 4080 MB, Compressed Oops mode: Zero based, Oop shift amount: 3

CDS archive(s) mapped at: [0x0000000000000000-0x0000000000000000-0x0000000000000000), size 0, SharedBaseAddress: 0x0000000800000000, ArchiveRelocationMode: 0.
Narrow klass base: 0x0000000000000000, Narrow klass shift: 0, Narrow klass range: 0x0

GC Precious Log:
<Empty>

Heap:
 garbage-first heap   total 0K, used 0K [0x0000000701000000, 0x0000000800000000)
  region size 2048K, 0 young (0K), 0 survivors (0K)

[error occurred during error reporting (printing heap information), id 0xc0000005, EXCEPTION_ACCESS_VIOLATION (0xc0000005) at pc=0x00007ff93d6e24ed]

GC Heap History (0 events):
No events

Deoptimization events (0 events):
No events

Classes unloaded (0 events):
No events

Classes redefined (0 events):
No events

Internal exceptions (0 events):
No events

Events (1 events):
Event: 0.017 Loaded shared library E:\spring-boot\eclipse\plugins\org.eclipse.justj.openjdk.hotspot.jre.full.win32.x86_64_16.0.1.v20210528-1205\jre\bin\java.dll


Dynamic libraries:
0x00007ff7f19c0000 - 0x00007ff7f19ce000 	E:\spring-boot\eclipse\plugins\org.eclipse.justj.openjdk.hotspot.jre.full.win32.x86_64_16.0.1.v20210528-1205\jre\bin\javaw.exe
0x00007ff9785f0000 - 0x00007ff9787e5000 	C:\WINDOWS\SYSTEM32\ntdll.dll
0x00007ff976960000 - 0x00007ff976a1d000 	C:\WINDOWS\System32\KERNEL32.DLL
0x00007ff976390000 - 0x00007ff976659000 	C:\WINDOWS\System32\KERNELBASE.dll
0x00007ff975f60000 - 0x00007ff976060000 	C:\WINDOWS\System32\ucrtbase.dll
0x00007ff95c870000 - 0x00007ff95c888000 	E:\spring-boot\eclipse\plugins\org.eclipse.justj.openjdk.hotspot.jre.full.win32.x86_64_16.0.1.v20210528-1205\jre\bin\jli.dll
0x00007ff9655a0000 - 0x00007ff9655b9000 	E:\spring-boot\eclipse\plugins\org.eclipse.justj.openjdk.hotspot.jre.full.win32.x86_64_16.0.1.v20210528-1205\jre\bin\VCRUNTIME140.dll
0x00007ff9767c0000 - 0x00007ff976960000 	C:\WINDOWS\System32\USER32.dll
0x00007ff975f30000 - 0x00007ff975f52000 	C:\WINDOWS\System32\win32u.dll
0x00007ff978040000 - 0x00007ff97806a000 	C:\WINDOWS\System32\GDI32.dll
0x00007ff9761a0000 - 0x00007ff9762ab000 	C:\WINDOWS\System32\gdi32full.dll
0x00007ff975d30000 - 0x00007ff975dcd000 	C:\WINDOWS\System32\msvcp_win.dll
0x00007ff96d210000 - 0x00007ff96d4aa000 	C:\WINDOWS\WinSxS\amd64_microsoft.windows.common-controls_6595b64144ccf1df_6.0.19041.1110_none_60b5254171f9507e\COMCTL32.dll
0x00007ff976a20000 - 0x00007ff976abe000 	C:\WINDOWS\System32\msvcrt.dll
0x00007ff977aa0000 - 0x00007ff977ad0000 	C:\WINDOWS\System32\IMM32.DLL
0x00007ff96f030000 - 0x00007ff96f03c000 	E:\spring-boot\eclipse\plugins\org.eclipse.justj.openjdk.hotspot.jre.full.win32.x86_64_16.0.1.v20210528-1205\jre\bin\vcruntime140_1.dll
0x00007ff94dbd0000 - 0x00007ff94dc61000 	E:\spring-boot\eclipse\plugins\org.eclipse.justj.openjdk.hotspot.jre.full.win32.x86_64_16.0.1.v20210528-1205\jre\bin\msvcp140.dll
0x00007ff93d020000 - 0x00007ff93dbcb000 	E:\spring-boot\eclipse\plugins\org.eclipse.justj.openjdk.hotspot.jre.full.win32.x86_64_16.0.1.v20210528-1205\jre\bin\server\jvm.dll
0x00007ff976bc0000 - 0x00007ff976c6c000 	C:\WINDOWS\System32\ADVAPI32.dll
0x00007ff976ac0000 - 0x00007ff976b5b000 	C:\WINDOWS\System32\sechost.dll
0x00007ff977970000 - 0x00007ff977a9a000 	C:\WINDOWS\System32\RPCRT4.dll
0x00007ff9775b0000 - 0x00007ff9775b8000 	C:\WINDOWS\System32\PSAPI.DLL
0x00007ff96ac40000 - 0x00007ff96ac49000 	C:\WINDOWS\SYSTEM32\WSOCK32.dll
0x00007ff9776f0000 - 0x00007ff97775b000 	C:\WINDOWS\System32\WS2_32.dll
0x00007ff9704b0000 - 0x00007ff9704ba000 	C:\WINDOWS\SYSTEM32\VERSION.dll
0x00007ff9699a0000 - 0x00007ff9699c7000 	C:\WINDOWS\SYSTEM32\WINMM.dll
0x00007ff973c80000 - 0x00007ff973c92000 	C:\WINDOWS\SYSTEM32\kernel.appcore.dll
0x00007ff971ae0000 - 0x00007ff971aea000 	E:\spring-boot\eclipse\plugins\org.eclipse.justj.openjdk.hotspot.jre.full.win32.x86_64_16.0.1.v20210528-1205\jre\bin\jimage.dll
0x00007ff96f6b0000 - 0x00007ff96f894000 	C:\WINDOWS\SYSTEM32\DBGHELP.DLL
0x00007ff96f680000 - 0x00007ff96f6ac000 	C:\WINDOWS\SYSTEM32\dbgcore.DLL
0x00007ff9762b0000 - 0x00007ff976333000 	C:\WINDOWS\System32\bcryptPrimitives.dll
0x00007ff959290000 - 0x00007ff9592b5000 	E:\spring-boot\eclipse\plugins\org.eclipse.justj.openjdk.hotspot.jre.full.win32.x86_64_16.0.1.v20210528-1205\jre\bin\java.dll

dbghelp: loaded successfully - version: 4.0.5 - missing functions: none
symbol engine: initialized successfully - sym options: 0x614 - pdb path: .;E:\spring-boot\eclipse\plugins\org.eclipse.justj.openjdk.hotspot.jre.full.win32.x86_64_16.0.1.v20210528-1205\jre\bin;C:\WINDOWS\SYSTEM32;C:\WINDOWS\WinSxS\amd64_microsoft.windows.common-controls_6595b64144ccf1df_6.0.19041.1110_none_60b5254171f9507e;E:\spring-boot\eclipse\plugins\org.eclipse.justj.openjdk.hotspot.jre.full.win32.x86_64_16.0.1.v20210528-1205\jre\bin\server

VM Arguments:
jvm_args: -Dcom.sun.management.jmxremote -Dcom.sun.management.jmxremote.port=5872 -Dcom.sun.management.jmxremote.authenticate=false -Dcom.sun.management.jmxremote.ssl=false -Djava.rmi.server.hostname=localhost -Dspring.jmx.enabled=true -Dspring.application.admin.enabled=true -XX:TieredStopAtLevel=1 -Dspring.boot.project.name=beancafe_client_m -Dfile.encoding=UTF-8 -XX:+ShowCodeDetailsInExceptionMessages 
java_command: com.sboot.beancafe.BeancafeProviderApplication
java_class_path (initial): E:\spring-boot\workspace\beancafe_client_m\target\classes;C:\Users\kim\Downloads\스프링부트 오라클클라우드jar\ojdbc8-19.8.0.0.jar;C:\Users\kim\Downloads\스프링부트 오라클클라우드jar\oraclepki.jar;C:\Users\kim\Downloads\스프링부트 오라클클라우드jar\osdt_cert.jar;C:\Users\kim\Downloads\스프링부트 오라클클라우드jar\osdt_core.jar;C:\Users\kim\Downloads\문자인증jar\javaSDK-2.2.jar;C:\Users\kim\Downloads\문자인증jar\json-simple-1.1.1.jar;C:\Users\kim\.m2\repository\org\springframework\boot\spring-boot-starter-actuator\2.5.2\spring-boot-starter-actuator-2.5.2.jar;C:\Users\kim\.m2\repository\org\springframework\boot\spring-boot-starter\2.5.2\spring-boot-starter-2.5.2.jar;C:\Users\kim\.m2\repository\org\springframework\boot\spring-boot-starter-logging\2.5.2\spring-boot-starter-logging-2.5.2.jar;C:\Users\kim\.m2\repository\ch\qos\logback\logback-classic\1.2.3\logback-classic-1.2.3.jar;C:\Users\kim\.m2\repository\ch\qos\logback\logback-core\1.2.3\logback-core-1.2.3.jar;C:\Users\kim\.m2\repository\org\apache\logging\log4j\log4j-to-slf4j\2.14.1\log4j-to-slf4j-2.14.1.jar;C:\Users\kim\.m2\repository\org\apache\logging\log4j\log4j-api\2.14.1\log4j-api-2.14.1.jar;C:\Users\kim\.m2\repository\org\slf4j\jul-to-slf4j\1.7.31\jul-to-slf4j-1.7.31.jar;C:\Users\kim\.m2\repository\org\yaml\snakeyaml\1.28\snakeyaml-1.28.jar;C:\Users\kim\.m2\repository\org\springframework\boot\spring-boot-actuator-autoconfigure\2.5.2\spring-boot-actuator-autoconfigure-2.5.2.jar;C:\Users\kim\.m2\repository\org\springframework\boot\spring-boot-actuator\2.5.2\spring-boot-actuator-2.5.2.jar;C:\Users\kim\.m2\repository\com\fasterxml\jackson\core\jackson-databind\2.12.3\jackson-databind-2.12.3.jar;C:\Users\kim\.m2\repository\com\fasterxml\jackson\datatype\jackson-datatype-jsr310\2.12.3\jackson-datatype-jsr310-2.12.3.jar;C:\Users\kim\.m2\repository\io\micrometer\micrometer-core\1.7.1\micrometer-core-1.7.1.jar;C:\Users\kim\.m2\repository\org\hdrhistogram\HdrHistogram\2.1.12\HdrHistogram-2.1
Launcher Type: SUN_STANDARD

[Global flags]
     intx CICompilerCount                          = 3                                         {product} {ergonomic}
     uint ConcGCThreads                            = 2                                         {product} {ergonomic}
     uint G1ConcRefinementThreads                  = 6                                         {product} {ergonomic}
   size_t G1HeapRegionSize                         = 2097152                                   {product} {ergonomic}
    uintx GCDrainStackTargetSize                   = 64                                        {product} {ergonomic}
   size_t InitialHeapSize                          = 268435456                                 {product} {ergonomic}
     bool ManagementServer                         = true                                      {product} {command line}
   size_t MarkStackSize                            = 4194304                                   {product} {ergonomic}
   size_t MaxHeapSize                              = 4278190080                                {product} {ergonomic}
   size_t MinHeapDeltaBytes                        = 2097152                                   {product} {ergonomic}
   size_t MinHeapSize                              = 8388608                                   {product} {ergonomic}
    uintx NonNMethodCodeHeapSize                   = 6973028                                {pd product} {ergonomic}
    uintx NonProfiledCodeHeapSize                  = 244685212                              {pd product} {ergonomic}
    uintx ProfiledCodeHeapSize                     = 0                                      {pd product} {ergonomic}
    uintx ReservedCodeCacheSize                    = 251658240                              {pd product} {ergonomic}
     bool SegmentedCodeCache                       = true                                      {product} {ergonomic}
     bool ShowCodeDetailsInExceptionMessages       = true                                   {manageable} {command line}
   size_t SoftMaxHeapSize                          = 4278190080                             {manageable} {ergonomic}
     intx TieredStopAtLevel                        = 1                                         {product} {command line}
     bool UseCompressedClassPointers               = true                           {product lp64_product} {ergonomic}
     bool UseCompressedOops                        = true                           {product lp64_product} {ergonomic}
     bool UseG1GC                                  = true                                      {product} {ergonomic}
     bool UseLargePagesIndividualAllocation        = false                                  {pd product} {ergonomic}

Logging:
Log output configuration:
 #0: stdout all=warning uptime,level,tags
 #1: stderr all=off uptime,level,tags

Environment Variables:
JAVA_HOME=C:\Program Files\Java\jdk1.8.0_291
CLASSPATH=%classpath%;.
PATH=E:/spring-boot/eclipse//plugins/org.eclipse.justj.openjdk.hotspot.jre.full.win32.x86_64_16.0.1.v20210528-1205/jre/bin/server;E:/spring-boot/eclipse//plugins/org.eclipse.justj.openjdk.hotspot.jre.full.win32.x86_64_16.0.1.v20210528-1205/jre/bin;C:\app\kim\product\18.0.0\dbhomeXE\bin;C:\WINDOWS.X64_193000_db_home\bin;C:\Users\kim\Downloads\WINDOWS.X64_193000_db_home\bin;C:\Program Files (x86)\Common Files\Oracle\Java\javapath;C:\oraclexe\app\oracle\product\11.2.0\server\bin;C:\Program Files\Python36\Scripts\;C:\Program Files\Python36\;C:\Program Files (x86)\NAT Service;C:\Windows\system32;C:\Windows;C:\Windows\System32\Wbem;C:\Windows\System32\WindowsPowerShell\v1.0\;C:\Windows\System32\OpenSSH\;C:\Program Files\NVIDIA Corporation\NVIDIA NGX;C:\Program Files (x86)\NVIDIA Corporation\PhysX\Common;C:\Program Files\NVIDIA Corporation\NVIDIA NvDLISR;C:\WINDOWS\system32;C:\WINDOWS;C:\WINDOWS\System32\Wbem;C:\WINDOWS\System32\WindowsPowerShell\v1.0\;C:\WINDOWS\System32\OpenSSH\;C:\Program Files\PuTTY\;.;C:\Program Files\Java\jdk-11.0.9\bin;C:\Program Files\Java\jdk1.8.0_291\bin;C:\Program Files\Git\cmd;C:\Users\kim\AppData\Local\Microsoft\WindowsApps;C:\Program Files\Bandizip\;C:\Users\kim\AppData\Local\Programs\Microsoft VS Code\bin;"C:\Program Files\Java\jdk1.8.0_291\bin;";;E:\spring-boot\eclipse;
USERNAME=kim
OS=Windows_NT
PROCESSOR_IDENTIFIER=Intel64 Family 6 Model 158 Stepping 10, GenuineIntel



---------------  S Y S T E M  ---------------

OS:
 Windows 10 , 64 bit Build 19041 (10.0.19041.1023)
OS uptime: 9 days 16:21 hours

CPU: total 6 (initial active 6) (6 cores per cpu, 1 threads per core) family 6 model 158 stepping 10 microcode 0xde, cx8, cmov, fxsr, mmx, 3dnowpref, sse, sse2, sse3, ssse3, sse4.1, sse4.2, popcnt, lzcnt, tsc, tscinvbit, avx, avx2, aes, erms, clmul, bmi1, bmi2, adx, fma, vzeroupper, clflush, clflushopt

Memory: 4k page, system-wide physical 16317M (8284M free)
TotalPageFile size 45981M (AvailPageFile size 188M)
current process WorkingSet (physical memory assigned to process): 10M, peak: 10M
current process commit charge ("private bytes"): 53M, peak: 309M

vm_info: OpenJDK 64-Bit Server VM (16.0.1+9-24) for windows-amd64 JRE (16.0.1+9-24), built on Mar 26 2021 19:30:07 by "mach5one" with MS VC++ 16.7 (VS2019)

END.
